#
# There is insufficient memory for the Java Runtime Environment to continue.
# Native memory allocation (malloc) failed to allocate 811136 bytes. Error detail: Chunk::new
# Possible reasons:
#   The system is out of physical RAM or swap space
#   This process is running with CompressedOops enabled, and the Java Heap may be blocking the growth of the native heap
# Possible solutions:
#   Reduce memory load on the system
#   Increase physical memory or swap space
#   Check if swap backing store is full
#   Decrease Java heap size (-Xmx/-Xms)
#   Decrease number of Java threads
#   Decrease Java thread stack sizes (-Xss)
#   Set larger code cache with -XX:ReservedCodeCacheSize=
#   JVM is running with Zero Based Compressed Oops mode in which the Java heap is
#     placed in the first 32GB address space. The Java Heap base address is the
#     maximum limit for the native heap growth. Please use -XX:HeapBaseMinAddress
#     to set the Java Heap base and to place the Java Heap above 32GB virtual address.
# This output file may be truncated or incomplete.
#
#  Out of Memory Error (arena.cpp:149), pid=13888, tid=24676
#
# JRE version: OpenJDK Runtime Environment Temurin-23.0.2+7 (23.0.2+7) (build 23.0.2+7)
# Java VM: OpenJDK 64-Bit Server VM Temurin-23.0.2+7 (23.0.2+7, mixed mode, sharing, tiered, compressed oops, compressed class ptrs, g1 gc, windows-amd64)
# No core dump will be written. Minidumps are not enabled by default on client versions of Windows
#

---------------  S U M M A R Y ------------

Command Line: -XX:+ShowCodeDetailsInExceptionMessages -agentlib:jdwp=transport=dt_socket,suspend=y,address=localhost:52349 -javaagent:C:\Users\SUJAY KUMAR.G\eclipse\java-2024-06\eclipse\configuration\org.eclipse.osgi\904\0\.cp\lib\javaagent-shaded.jar -Dfile.encoding=UTF-8 -Dstdout.encoding=UTF-8 -Dstderr.encoding=UTF-8 com.example.SpringBootCRUDOperation.SpringBootCrudOperationApplication

Host: 12th Gen Intel(R) Core(TM) i5-12400, 12 cores, 15G,  Windows 11 , 64 bit Build 26100 (10.0.26100.5074)
Time: Fri Oct 10 12:11:59 2025 India Standard Time elapsed time: 55.713876 seconds (0d 0h 0m 55s)

---------------  T H R E A D  ---------------

Current thread (0x0000022fd603a8b0):  JavaThread "C2 CompilerThread0" daemon [_thread_in_native, id=24676, stack(0x0000008f5bc00000,0x0000008f5bd00000) (1024K)]


Current CompileTask:
C2:55714 6232       4       org.springframework.beans.factory.support.AbstractBeanFactory::isTypeMatch (745 bytes)

Stack: [0x0000008f5bc00000,0x0000008f5bd00000]
Native frames: (J=compiled Java code, j=interpreted, Vv=VM code, C=native code)
V  [jvm.dll+0x6e8fa9]  (no source info available)
V  [jvm.dll+0x8d96b3]  (no source info available)
V  [jvm.dll+0x8dbb3e]  (no source info available)
V  [jvm.dll+0x8dc213]  (no source info available)
V  [jvm.dll+0x281bc6]  (no source info available)
V  [jvm.dll+0xbbb0f]  (no source info available)
V  [jvm.dll+0xbbd6b]  (no source info available)
V  [jvm.dll+0x2f560d]  (no source info available)
V  [jvm.dll+0x60cae9]  (no source info available)
V  [jvm.dll+0x2542f2]  (no source info available)
V  [jvm.dll+0x24c3fc]  (no source info available)
V  [jvm.dll+0x24a044]  (no source info available)
V  [jvm.dll+0x1c8fb0]  (no source info available)
V  [jvm.dll+0x25a23e]  (no source info available)
V  [jvm.dll+0x25850a]  (no source info available)
V  [jvm.dll+0x3f4916]  (no source info available)
V  [jvm.dll+0x88062b]  (no source info available)
V  [jvm.dll+0x6e77b5]  (no source info available)
C  [ucrtbase.dll+0x37b0]  (no source info available)
C  [KERNEL32.DLL+0x2e8d7]  (no source info available)
C  [ntdll.dll+0x8d9c]  (no source info available)

Lock stack of current Java thread (top to bottom):


---------------  P R O C E S S  ---------------

Threads class SMR info:
_java_thread_list=0x0000022fd60fd0f0, length=32, elements={
0x0000022ff5357cf0, 0x0000022ffe77ce20, 0x0000022ffe77d980, 0x0000022ffe784860,
0x0000022ffe7856d0, 0x0000022ffe7879a0, 0x0000022fd6018090, 0x0000022fd603a8b0,
0x0000022ffe78c690, 0x0000022fd6109d20, 0x0000022fd61fb570, 0x0000022fd6267390,
0x0000022fd6362c00, 0x0000022fd6a5e370, 0x0000022fdabb0eb0, 0x0000022fdabb1540,
0x0000022fdabb1bd0, 0x0000022fdabb2260, 0x0000022fdabb28f0, 0x0000022fde970af0,
0x0000022fde972bc0, 0x0000022fde971180, 0x0000022fde970460, 0x0000022fde971ea0,
0x0000022fde96f740, 0x0000022fde971810, 0x0000022fde973250, 0x0000022fde96fdd0,
0x0000022fde9738e0, 0x0000022fde974600, 0x0000022fde975320, 0x0000022fde974c90
}

Java Threads: ( => current thread )
  0x0000022ff5357cf0 JavaThread "main"                              [_thread_blocked, id=22420, stack(0x0000008f5ae00000,0x0000008f5af00000) (1024K)]
  0x0000022ffe77ce20 JavaThread "Reference Handler"          daemon [_thread_blocked, id=1488, stack(0x0000008f5b600000,0x0000008f5b700000) (1024K)]
  0x0000022ffe77d980 JavaThread "Finalizer"                  daemon [_thread_blocked, id=23268, stack(0x0000008f5b700000,0x0000008f5b800000) (1024K)]
  0x0000022ffe784860 JavaThread "Signal Dispatcher"          daemon [_thread_blocked, id=11996, stack(0x0000008f5b800000,0x0000008f5b900000) (1024K)]
  0x0000022ffe7856d0 JavaThread "Attach Listener"            daemon [_thread_blocked, id=7892, stack(0x0000008f5b900000,0x0000008f5ba00000) (1024K)]
  0x0000022ffe7879a0 JavaThread "Service Thread"             daemon [_thread_blocked, id=18260, stack(0x0000008f5ba00000,0x0000008f5bb00000) (1024K)]
  0x0000022fd6018090 JavaThread "Monitor Deflation Thread"   daemon [_thread_blocked, id=23668, stack(0x0000008f5bb00000,0x0000008f5bc00000) (1024K)]
=>0x0000022fd603a8b0 JavaThread "C2 CompilerThread0"         daemon [_thread_in_native, id=24676, stack(0x0000008f5bc00000,0x0000008f5bd00000) (1024K)]
  0x0000022ffe78c690 JavaThread "C1 CompilerThread0"         daemon [_thread_blocked, id=12584, stack(0x0000008f5bd00000,0x0000008f5be00000) (1024K)]
  0x0000022fd6109d20 JavaThread "Common-Cleaner"             daemon [_thread_blocked, id=18664, stack(0x0000008f5be00000,0x0000008f5bf00000) (1024K)]
  0x0000022fd61fb570 JavaThread "JDWP Transport Listener: dt_socket" daemon [_thread_blocked, id=14940, stack(0x0000008f5bf00000,0x0000008f5c000000) (1024K)]
  0x0000022fd6267390 JavaThread "JDWP Event Helper Thread"   daemon [_thread_blocked, id=21424, stack(0x0000008f5c000000,0x0000008f5c100000) (1024K)]
  0x0000022fd6362c00 JavaThread "JDWP Command Reader"        daemon [_thread_in_native, id=23336, stack(0x0000008f5c100000,0x0000008f5c200000) (1024K)]
  0x0000022fd6a5e370 JavaThread "Notification Thread"        daemon [_thread_blocked, id=23528, stack(0x0000008f5c400000,0x0000008f5c500000) (1024K)]
  0x0000022fdabb0eb0 JavaThread "Catalina-utility-1"                [_thread_blocked, id=17932, stack(0x0000008f5d000000,0x0000008f5d100000) (1024K)]
  0x0000022fdabb1540 JavaThread "Catalina-utility-2"                [_thread_blocked, id=23172, stack(0x0000008f5d100000,0x0000008f5d200000) (1024K)]
  0x0000022fdabb1bd0 JavaThread "container-0"                       [_thread_blocked, id=24436, stack(0x0000008f5d400000,0x0000008f5d500000) (1024K)]
  0x0000022fdabb2260 JavaThread "mysql-cj-abandoned-connection-cleanup" daemon [_thread_blocked, id=13588, stack(0x0000008f5d500000,0x0000008f5d600000) (1024K)]
  0x0000022fdabb28f0 JavaThread "HikariPool-1:housekeeper"   daemon [_thread_blocked, id=11496, stack(0x0000008f5d700000,0x0000008f5d800000) (1024K)]
  0x0000022fde970af0 JavaThread "File Watcher"               daemon [_thread_blocked, id=24588, stack(0x0000008f5d900000,0x0000008f5da00000) (1024K)]
  0x0000022fde972bc0 JavaThread "http-nio-9090-exec-1"       daemon [_thread_blocked, id=13752, stack(0x0000008f5da00000,0x0000008f5db00000) (1024K)]
  0x0000022fde971180 JavaThread "http-nio-9090-exec-2"       daemon [_thread_blocked, id=25592, stack(0x0000008f5db00000,0x0000008f5dc00000) (1024K)]
  0x0000022fde970460 JavaThread "http-nio-9090-exec-3"       daemon [_thread_blocked, id=7180, stack(0x0000008f5dc00000,0x0000008f5dd00000) (1024K)]
  0x0000022fde971ea0 JavaThread "http-nio-9090-exec-4"       daemon [_thread_in_vm, id=20620, stack(0x0000008f5dd00000,0x0000008f5de00000) (1024K)]
  0x0000022fde96f740 JavaThread "http-nio-9090-exec-5"       daemon [_thread_blocked, id=8576, stack(0x0000008f5de00000,0x0000008f5df00000) (1024K)]
  0x0000022fde971810 JavaThread "http-nio-9090-exec-6"       daemon [_thread_blocked, id=15776, stack(0x0000008f5df00000,0x0000008f5e000000) (1024K)]
  0x0000022fde973250 JavaThread "http-nio-9090-exec-7"       daemon [_thread_blocked, id=13204, stack(0x0000008f5e000000,0x0000008f5e100000) (1024K)]
  0x0000022fde96fdd0 JavaThread "http-nio-9090-exec-8"       daemon [_thread_blocked, id=19692, stack(0x0000008f5e100000,0x0000008f5e200000) (1024K)]
  0x0000022fde9738e0 JavaThread "http-nio-9090-exec-9"       daemon [_thread_blocked, id=15036, stack(0x0000008f5e200000,0x0000008f5e300000) (1024K)]
  0x0000022fde974600 JavaThread "http-nio-9090-exec-10"      daemon [_thread_blocked, id=13432, stack(0x0000008f5e300000,0x0000008f5e400000) (1024K)]
  0x0000022fde975320 JavaThread "http-nio-9090-Poller"       daemon [_thread_in_native, id=19312, stack(0x0000008f5e400000,0x0000008f5e500000) (1024K)]
  0x0000022fde974c90 JavaThread "http-nio-9090-Acceptor"     daemon [_thread_in_native, id=7764, stack(0x0000008f5e500000,0x0000008f5e600000) (1024K)]
Total: 32

Other Threads:
  0x0000022ffe764c60 VMThread "VM Thread"                           [id=18936, stack(0x0000008f5b500000,0x0000008f5b600000) (1024K)]
  0x0000022ffe757880 WatcherThread "VM Periodic Task Thread"        [id=18092, stack(0x0000008f5b400000,0x0000008f5b500000) (1024K)]
  0x0000022ff53bee10 WorkerThread "GC Thread#0"                     [id=24852, stack(0x0000008f5af00000,0x0000008f5b000000) (1024K)]
  0x0000022fd6e05210 WorkerThread "GC Thread#1"                     [id=8288, stack(0x0000008f5c500000,0x0000008f5c600000) (1024K)]
  0x0000022fd6e055c0 WorkerThread "GC Thread#2"                     [id=25460, stack(0x0000008f5c600000,0x0000008f5c700000) (1024K)]
  0x0000022fd6e07980 WorkerThread "GC Thread#3"                     [id=6296, stack(0x0000008f5c700000,0x0000008f5c800000) (1024K)]
  0x0000022fd6d939c0 WorkerThread "GC Thread#4"                     [id=1876, stack(0x0000008f5c800000,0x0000008f5c900000) (1024K)]
  0x0000022fd6d95790 WorkerThread "GC Thread#5"                     [id=24584, stack(0x0000008f5c900000,0x0000008f5ca00000) (1024K)]
  0x0000022fd6d94c80 WorkerThread "GC Thread#6"                     [id=12060, stack(0x0000008f5ca00000,0x0000008f5cb00000) (1024K)]
  0x0000022fd6d95030 WorkerThread "GC Thread#7"                     [id=2976, stack(0x0000008f5cb00000,0x0000008f5cc00000) (1024K)]
  0x0000022fd6d953e0 WorkerThread "GC Thread#8"                     [id=16948, stack(0x0000008f5ce00000,0x0000008f5cf00000) (1024K)]
  0x0000022fd6d94520 WorkerThread "GC Thread#9"                     [id=15796, stack(0x0000008f5cf00000,0x0000008f5d000000) (1024K)]
  0x0000022ffe5d37c0 ConcurrentGCThread "G1 Main Marker"            [id=4308, stack(0x0000008f5b000000,0x0000008f5b100000) (1024K)]
  0x0000022ff53ccd60 WorkerThread "G1 Conc#0"                       [id=21524, stack(0x0000008f5b100000,0x0000008f5b200000) (1024K)]
  0x0000022fd8577160 WorkerThread "G1 Conc#1"                       [id=14512, stack(0x0000008f5d200000,0x0000008f5d300000) (1024K)]
  0x0000022fd8577510 WorkerThread "G1 Conc#2"                       [id=7912, stack(0x0000008f5d300000,0x0000008f5d400000) (1024K)]
  0x0000022ffe623470 ConcurrentGCThread "G1 Refine#0"               [id=21432, stack(0x0000008f5b200000,0x0000008f5b300000) (1024K)]
  0x0000022ffe624db0 ConcurrentGCThread "G1 Service"                [id=9572, stack(0x0000008f5b300000,0x0000008f5b400000) (1024K)]
Total: 18

Threads with active compile tasks:
C2 CompilerThread0  55780 6232       4       org.springframework.beans.factory.support.AbstractBeanFactory::isTypeMatch (745 bytes)
Total: 1

VM state: not at safepoint (normal execution)

VM Mutex/Monitor currently owned by a thread:  ([mutex/lock_event])
[0x00007ffbb49bace8] Metaspace_lock - owner thread: 0x0000022fde971ea0

Heap address: 0x0000000704600000, size: 4026 MB, Compressed Oops mode: Zero based, Oop shift amount: 3

CDS archive(s) mapped at: [0x0000022f91000000-0x0000022f91d70000-0x0000022f91d70000), size 14090240, SharedBaseAddress: 0x0000022f91000000, ArchiveRelocationMode: 1.
Compressed class space mapped at: 0x0000022f92000000-0x0000022fd2000000, reserved size: 1073741824
Narrow klass base: 0x0000022f91000000, Narrow klass shift: 0, Narrow klass range: 0x41000000

GC Precious Log:
 CardTable entry size: 512
 Card Set container configuration: InlinePtr #cards 4 size 8 Array Of Cards #cards 16 size 48 Howl #buckets 8 coarsen threshold 3686 Howl Bitmap #cards 512 size 80 coarsen threshold 460 Card regions per heap region 1 cards per card region 4096
 CPUs: 12 total, 12 available
 Memory: 16099M
 Large Page Support: Disabled
 NUMA Support: Disabled
 Compressed Oops: Enabled (Zero based)
 Heap Region Size: 2M
 Heap Min Capacity: 8M
 Heap Initial Capacity: 252M
 Heap Max Capacity: 4026M
 Pre-touch: Disabled
 Parallel Workers: 10
 Concurrent Workers: 3
 Concurrent Refinement Workers: 10
 Periodic GC: Disabled

Heap:
 garbage-first heap   total reserved 4122624K, committed 92160K, used 32067K [0x0000000704600000, 0x0000000800000000)
  region size 2048K, 6 young (12288K), 4 survivors (8192K)
 Metaspace       used 63841K, committed 64448K, reserved 1114112K
  class space    used 8690K, committed 8960K, reserved 1048576K

Heap Regions: E=young(eden), S=young(survivor), O=old, HS=humongous(starts), HC=humongous(continues), CS=collection set, F=free, TAMS=top-at-mark-start, PB=parsable bottom
|   0|0x0000000704600000, 0x0000000704800000, 0x0000000704800000|100%| O|  |TAMS 0x0000000704600000| PB 0x0000000704600000| Untracked |  0
|   1|0x0000000704800000, 0x0000000704a00000, 0x0000000704a00000|100%| O|  |TAMS 0x0000000704800000| PB 0x0000000704800000| Untracked |  0
|   2|0x0000000704a00000, 0x0000000704c00000, 0x0000000704c00000|100%| O|  |TAMS 0x0000000704a00000| PB 0x0000000704a00000| Untracked |  0
|   3|0x0000000704c00000, 0x0000000704e00000, 0x0000000704e00000|100%| O|  |TAMS 0x0000000704c00000| PB 0x0000000704c00000| Untracked |  0
|   4|0x0000000704e00000, 0x0000000705000000, 0x0000000705000000|100%| O|  |TAMS 0x0000000704e00000| PB 0x0000000704e00000| Untracked |  0
|   5|0x0000000705000000, 0x0000000705200000, 0x0000000705200000|100%| O|  |TAMS 0x0000000705000000| PB 0x0000000705000000| Untracked |  0
|   6|0x0000000705200000, 0x0000000705400000, 0x0000000705400000|100%| O|  |TAMS 0x0000000705200000| PB 0x0000000705200000| Untracked |  0
|   7|0x0000000705400000, 0x0000000705600000, 0x0000000705600000|100%| O|  |TAMS 0x0000000705400000| PB 0x0000000705400000| Untracked |  0
|   8|0x0000000705600000, 0x00000007056c7b60, 0x0000000705800000| 39%| O|Cm|TAMS 0x0000000705600000| PB 0x0000000705600000| Complete |  0
|   9|0x0000000705800000, 0x0000000705a00000, 0x0000000705a00000|100%| O|  |TAMS 0x0000000705800000| PB 0x0000000705800000| Untracked |  0
|  10|0x0000000705a00000, 0x0000000705c00000, 0x0000000705c00000|100%| O|  |TAMS 0x0000000705a00000| PB 0x0000000705a00000| Untracked |  0
|  11|0x0000000705c00000, 0x0000000705dd7240, 0x0000000705e00000| 92%| O|  |TAMS 0x0000000705c00000| PB 0x0000000705c00000| Untracked |  0
|  12|0x0000000705e00000, 0x0000000705e00000, 0x0000000706000000|  0%| F|  |TAMS 0x0000000705e00000| PB 0x0000000705e00000| Untracked |  0
|  13|0x0000000706000000, 0x0000000706000000, 0x0000000706200000|  0%| F|  |TAMS 0x0000000706000000| PB 0x0000000706000000| Untracked |  0
|  14|0x0000000706200000, 0x00000007062b1ff0, 0x0000000706400000| 34%| S|CS|TAMS 0x0000000706200000| PB 0x0000000706200000| Complete |  0
|  15|0x0000000706400000, 0x0000000706600000, 0x0000000706600000|100%| S|CS|TAMS 0x0000000706400000| PB 0x0000000706400000| Complete |  0
|  16|0x0000000706600000, 0x0000000706800000, 0x0000000706800000|100%| S|CS|TAMS 0x0000000706600000| PB 0x0000000706600000| Complete |  0
|  17|0x0000000706800000, 0x0000000706a00000, 0x0000000706a00000|100%| S|CS|TAMS 0x0000000706800000| PB 0x0000000706800000| Complete |  0
|  18|0x0000000706a00000, 0x0000000706a00000, 0x0000000706c00000|  0%| F|  |TAMS 0x0000000706a00000| PB 0x0000000706a00000| Untracked |  0
|  19|0x0000000706c00000, 0x0000000706c00000, 0x0000000706e00000|  0%| F|  |TAMS 0x0000000706c00000| PB 0x0000000706c00000| Untracked |  0
|  20|0x0000000706e00000, 0x0000000706e00000, 0x0000000707000000|  0%| F|  |TAMS 0x0000000706e00000| PB 0x0000000706e00000| Untracked |  0
|  21|0x0000000707000000, 0x0000000707000000, 0x0000000707200000|  0%| F|  |TAMS 0x0000000707000000| PB 0x0000000707000000| Untracked |  0
|  22|0x0000000707200000, 0x0000000707200000, 0x0000000707400000|  0%| F|  |TAMS 0x0000000707200000| PB 0x0000000707200000| Untracked |  0
|  23|0x0000000707400000, 0x0000000707400000, 0x0000000707600000|  0%| F|  |TAMS 0x0000000707400000| PB 0x0000000707400000| Untracked |  0
|  24|0x0000000707600000, 0x0000000707600000, 0x0000000707800000|  0%| F|  |TAMS 0x0000000707600000| PB 0x0000000707600000| Untracked |  0
|  25|0x0000000707800000, 0x0000000707800000, 0x0000000707a00000|  0%| F|  |TAMS 0x0000000707800000| PB 0x0000000707800000| Untracked |  0
|  26|0x0000000707a00000, 0x0000000707a00000, 0x0000000707c00000|  0%| F|  |TAMS 0x0000000707a00000| PB 0x0000000707a00000| Untracked |  0
|  27|0x0000000707c00000, 0x0000000707c00000, 0x0000000707e00000|  0%| F|  |TAMS 0x0000000707c00000| PB 0x0000000707c00000| Untracked |  0
|  28|0x0000000707e00000, 0x0000000707e00000, 0x0000000708000000|  0%| F|  |TAMS 0x0000000707e00000| PB 0x0000000707e00000| Untracked |  0
|  29|0x0000000708000000, 0x0000000708000000, 0x0000000708200000|  0%| F|  |TAMS 0x0000000708000000| PB 0x0000000708000000| Untracked |  0
|  30|0x0000000708200000, 0x0000000708200000, 0x0000000708400000|  0%| F|  |TAMS 0x0000000708200000| PB 0x0000000708200000| Untracked |  0
|  31|0x0000000708400000, 0x0000000708400000, 0x0000000708600000|  0%| F|  |TAMS 0x0000000708400000| PB 0x0000000708400000| Untracked |  0
|  32|0x0000000708600000, 0x0000000708600000, 0x0000000708800000|  0%| F|  |TAMS 0x0000000708600000| PB 0x0000000708600000| Untracked |  0
|  33|0x0000000708800000, 0x0000000708800000, 0x0000000708a00000|  0%| F|  |TAMS 0x0000000708800000| PB 0x0000000708800000| Untracked |  0
|  34|0x0000000708a00000, 0x0000000708a00000, 0x0000000708c00000|  0%| F|  |TAMS 0x0000000708a00000| PB 0x0000000708a00000| Untracked |  0
|  35|0x0000000708c00000, 0x0000000708c00000, 0x0000000708e00000|  0%| F|  |TAMS 0x0000000708c00000| PB 0x0000000708c00000| Untracked |  0
|  36|0x0000000708e00000, 0x0000000708e00000, 0x0000000709000000|  0%| F|  |TAMS 0x0000000708e00000| PB 0x0000000708e00000| Untracked |  0
|  37|0x0000000709000000, 0x0000000709000000, 0x0000000709200000|  0%| F|  |TAMS 0x0000000709000000| PB 0x0000000709000000| Untracked |  0
|  38|0x0000000709200000, 0x0000000709200000, 0x0000000709400000|  0%| F|  |TAMS 0x0000000709200000| PB 0x0000000709200000| Untracked |  0
|  39|0x0000000709400000, 0x0000000709400000, 0x0000000709600000|  0%| F|  |TAMS 0x0000000709400000| PB 0x0000000709400000| Untracked |  0
|  40|0x0000000709600000, 0x0000000709600000, 0x0000000709800000|  0%| F|  |TAMS 0x0000000709600000| PB 0x0000000709600000| Untracked |  0
|  41|0x0000000709800000, 0x0000000709800000, 0x0000000709a00000|  0%| F|  |TAMS 0x0000000709800000| PB 0x0000000709800000| Untracked |  0
|  58|0x000000070ba00000, 0x000000070ba00000, 0x000000070bc00000|  0%| F|  |TAMS 0x000000070ba00000| PB 0x000000070ba00000| Untracked |  0
|  59|0x000000070bc00000, 0x000000070bceb5c0, 0x000000070be00000| 45%| E|  |TAMS 0x000000070bc00000| PB 0x000000070bc00000| Complete |  0
| 125|0x0000000714000000, 0x0000000714200000, 0x0000000714200000|100%| E|CS|TAMS 0x0000000714000000| PB 0x0000000714000000| Complete |  0

Card table byte_map: [0x0000022ff9ec0000,0x0000022ffa6a0000] _byte_map_base: 0x0000022ff669d000

Marking Bits: (CMBitMap*) 0x0000022ff53bf520
 Bits: [0x0000022ffa6a0000, 0x0000022ffe588000)

Polling page: 0x0000022ff3390000

Metaspace:

Usage:
  Non-class:     53.86 MB used.
      Class:      8.49 MB used.
       Both:     62.34 MB used.

Virtual space:
  Non-class space:       64.00 MB reserved,      54.19 MB ( 85%) committed,  1 nodes.
      Class space:        1.00 GB reserved,       8.75 MB ( <1%) committed,  1 nodes.
             Both:        1.06 GB reserved,      62.94 MB (  6%) committed. 

Chunk freelists:
   Non-Class:  9.80 MB
       Class:  7.27 MB
        Both:  17.06 MB

MaxMetaspaceSize: unlimited
CompressedClassSpaceSize: 1.00 GB
Initial GC threshold: 21.00 MB
Current GC threshold: 98.44 MB
CDS: on
 - commit_granule_bytes: 65536.
 - commit_granule_words: 8192.
 - virtual_space_node_default_size: 8388608.
 - enlarge_chunks_in_place: 1.
 - use_allocation_guard: 0.


Internal statistics:

num_allocs_failed_limit: 9.
num_arena_births: 892.
num_arena_deaths: 0.
num_vsnodes_births: 2.
num_vsnodes_deaths: 0.
num_space_committed: 1007.
num_space_uncommitted: 0.
num_chunks_returned_to_freelist: 9.
num_chunks_taken_from_freelist: 3162.
num_chunk_merges: 9.
num_chunk_splits: 2258.
num_chunks_enlarged: 1733.
num_inconsistent_stats: 0.

CodeHeap 'non-profiled nmethods': size=120064Kb used=3303Kb max_used=3335Kb free=116760Kb
 bounds [0x0000022f87ac0000, 0x0000022f87e20000, 0x0000022f8f000000]
CodeHeap 'profiled nmethods': size=120000Kb used=8523Kb max_used=9267Kb free=111476Kb
 bounds [0x0000022f80000000, 0x0000022f80910000, 0x0000022f87530000]
CodeHeap 'non-nmethods': size=5696Kb used=1722Kb max_used=1763Kb free=3973Kb
 bounds [0x0000022f87530000, 0x0000022f877a0000, 0x0000022f87ac0000]
CodeCache: size=245760Kb, used=13548Kb, max_used=14365Kb, free=232209Kb
 total_blobs=6143, nmethods=5427, adapters=621, full_count=0
Compilation: enabled, stopped_count=0, restarted_count=0

Compilation events (20 events):
Event: 47.589 Thread 0x0000022ffe78c690 nmethod 6229% 0x0000022f8004bf88 code [0x0000022f8004c220, 0x0000022f8004de48]
Event: 47.589 Thread 0x0000022ffe78c690 6230       3       java.lang.invoke.BoundMethodHandle::copyWith (7 bytes)
Event: 47.590 Thread 0x0000022ffe78c690 nmethod 6230 0x0000022f8043eb88 code [0x0000022f8043eca0, 0x0000022f8043ee90]
Event: 47.590 Thread 0x0000022ffe78c690 6231       3       java.util.logging.LogManager$LoggerContext::getGlobalLogger (6 bytes)
Event: 47.590 Thread 0x0000022ffe78c690 nmethod 6231 0x0000022f8038c608 code [0x0000022f8038c720, 0x0000022f8038c838]
Event: 47.591 Thread 0x0000022fd603a8b0 6232       4       org.springframework.beans.factory.support.AbstractBeanFactory::isTypeMatch (745 bytes)
Event: 47.591 Thread 0x0000022ffe78c690 6234       3       java.lang.Long::stringSize (55 bytes)
Event: 47.592 Thread 0x0000022ffe78c690 nmethod 6234 0x0000022f8043e688 code [0x0000022f8043e7c0, 0x0000022f8043ea18]
Event: 47.592 Thread 0x0000022ffe78c690 6235       3       java.lang.StringLatin1::getChars (157 bytes)
Event: 47.592 Thread 0x0000022ffe78c690 nmethod 6235 0x0000022f80441b08 code [0x0000022f80441c80, 0x0000022f804421d0]
Event: 47.592 Thread 0x0000022ffe78c690 6236       3       java.util.logging.Logger::isLoggable (27 bytes)
Event: 47.592 Thread 0x0000022ffe78c690 nmethod 6236 0x0000022f80470788 code [0x0000022f804708a0, 0x0000022f80470a68]
Event: 49.621 Thread 0x0000022ffe78c690 6237       3       java.nio.CharBuffer::array (35 bytes)
Event: 49.622 Thread 0x0000022ffe78c690 nmethod 6237 0x0000022f80470208 code [0x0000022f80470360, 0x0000022f80470648]
Event: 51.663 Thread 0x0000022ffe78c690 6240       3       java.lang.ThreadLocal$ThreadLocalMap::getEntryAfterMiss (59 bytes)
Event: 51.663 Thread 0x0000022ffe78c690 nmethod 6240 0x0000022f80516a88 code [0x0000022f80516c00, 0x0000022f805171f0]
Event: 52.079 Thread 0x0000022ffe78c690 6241       3       java.util.concurrent.locks.ReentrantReadWriteLock::readLock (5 bytes)
Event: 52.079 Thread 0x0000022ffe78c690 nmethod 6241 0x0000022f80591688 code [0x0000022f805917a0, 0x0000022f805918d8]
Event: 52.079 Thread 0x0000022ffe78c690 6242       3       java.util.concurrent.locks.ReentrantReadWriteLock$Sync::exclusiveCount (5 bytes)
Event: 52.080 Thread 0x0000022ffe78c690 nmethod 6242 0x0000022f80591108 code [0x0000022f80591220, 0x0000022f80591318]

GC Heap History (20 events):
Event: 1.899 GC heap before
{Heap before GC invocations=8 (full 0):
 garbage-first heap   total reserved 4122624K, committed 57344K, used 42849K [0x0000000704600000, 0x0000000800000000)
  region size 2048K, 15 young (30720K), 2 survivors (4096K)
 Metaspace       used 29912K, committed 30336K, reserved 1114112K
  class space    used 3797K, committed 3968K, reserved 1048576K
}
Event: 1.902 GC heap after
{Heap after GC invocations=9 (full 0):
 garbage-first heap   total reserved 4122624K, committed 57344K, used 18103K [0x0000000704600000, 0x0000000800000000)
  region size 2048K, 2 young (4096K), 2 survivors (4096K)
 Metaspace       used 29912K, committed 30336K, reserved 1114112K
  class space    used 3797K, committed 3968K, reserved 1048576K
}
Event: 2.095 GC heap before
{Heap before GC invocations=9 (full 0):
 garbage-first heap   total reserved 4122624K, committed 57344K, used 44727K [0x0000000704600000, 0x0000000800000000)
  region size 2048K, 15 young (30720K), 2 survivors (4096K)
 Metaspace       used 32218K, committed 32704K, reserved 1114112K
  class space    used 4085K, committed 4288K, reserved 1048576K
}
Event: 2.097 GC heap after
{Heap after GC invocations=10 (full 0):
 garbage-first heap   total reserved 4122624K, committed 157696K, used 19401K [0x0000000704600000, 0x0000000800000000)
  region size 2048K, 2 young (4096K), 2 survivors (4096K)
 Metaspace       used 32218K, committed 32704K, reserved 1114112K
  class space    used 4085K, committed 4288K, reserved 1048576K
}
Event: 2.266 GC heap before
{Heap before GC invocations=10 (full 0):
 garbage-first heap   total reserved 4122624K, committed 157696K, used 50121K [0x0000000704600000, 0x0000000800000000)
  region size 2048K, 19 young (38912K), 2 survivors (4096K)
 Metaspace       used 35489K, committed 35968K, reserved 1114112K
  class space    used 4538K, committed 4736K, reserved 1048576K
}
Event: 2.268 GC heap after
{Heap after GC invocations=11 (full 0):
 garbage-first heap   total reserved 4122624K, committed 157696K, used 20064K [0x0000000704600000, 0x0000000800000000)
  region size 2048K, 2 young (4096K), 2 survivors (4096K)
 Metaspace       used 35489K, committed 35968K, reserved 1114112K
  class space    used 4538K, committed 4736K, reserved 1048576K
}
Event: 2.470 GC heap before
{Heap before GC invocations=12 (full 0):
 garbage-first heap   total reserved 4122624K, committed 75776K, used 61024K [0x0000000704600000, 0x0000000800000000)
  region size 2048K, 22 young (45056K), 2 survivors (4096K)
 Metaspace       used 38989K, committed 39552K, reserved 1114112K
  class space    used 5170K, committed 5376K, reserved 1048576K
}
Event: 2.471 GC heap after
{Heap after GC invocations=13 (full 0):
 garbage-first heap   total reserved 4122624K, committed 75776K, used 20754K [0x0000000704600000, 0x0000000800000000)
  region size 2048K, 2 young (4096K), 2 survivors (4096K)
 Metaspace       used 38989K, committed 39552K, reserved 1114112K
  class space    used 5170K, committed 5376K, reserved 1048576K
}
Event: 2.697 GC heap before
{Heap before GC invocations=13 (full 0):
 garbage-first heap   total reserved 4122624K, committed 75776K, used 61714K [0x0000000704600000, 0x0000000800000000)
  region size 2048K, 22 young (45056K), 2 survivors (4096K)
 Metaspace       used 43507K, committed 44032K, reserved 1114112K
  class space    used 5707K, committed 5952K, reserved 1048576K
}
Event: 2.700 GC heap after
{Heap after GC invocations=14 (full 0):
 garbage-first heap   total reserved 4122624K, committed 75776K, used 22525K [0x0000000704600000, 0x0000000800000000)
  region size 2048K, 3 young (6144K), 3 survivors (6144K)
 Metaspace       used 43507K, committed 44032K, reserved 1114112K
  class space    used 5707K, committed 5952K, reserved 1048576K
}
Event: 2.875 GC heap before
{Heap before GC invocations=14 (full 0):
 garbage-first heap   total reserved 4122624K, committed 75776K, used 59389K [0x0000000704600000, 0x0000000800000000)
  region size 2048K, 21 young (43008K), 3 survivors (6144K)
 Metaspace       used 46930K, committed 47424K, reserved 1114112K
  class space    used 6157K, committed 6400K, reserved 1048576K
}
Event: 2.877 GC heap after
{Heap after GC invocations=15 (full 0):
 garbage-first heap   total reserved 4122624K, committed 75776K, used 23409K [0x0000000704600000, 0x0000000800000000)
  region size 2048K, 3 young (6144K), 3 survivors (6144K)
 Metaspace       used 46930K, committed 47424K, reserved 1114112K
  class space    used 6157K, committed 6400K, reserved 1048576K
}
Event: 3.054 GC heap before
{Heap before GC invocations=15 (full 0):
 garbage-first heap   total reserved 4122624K, committed 75776K, used 60273K [0x0000000704600000, 0x0000000800000000)
  region size 2048K, 21 young (43008K), 3 survivors (6144K)
 Metaspace       used 51632K, committed 52160K, reserved 1114112K
  class space    used 6823K, committed 7040K, reserved 1048576K
}
Event: 3.056 GC heap after
{Heap after GC invocations=16 (full 0):
 garbage-first heap   total reserved 4122624K, committed 75776K, used 24215K [0x0000000704600000, 0x0000000800000000)
  region size 2048K, 3 young (6144K), 3 survivors (6144K)
 Metaspace       used 51632K, committed 52160K, reserved 1114112K
  class space    used 6823K, committed 7040K, reserved 1048576K
}
Event: 3.237 GC heap before
{Heap before GC invocations=16 (full 0):
 garbage-first heap   total reserved 4122624K, committed 75776K, used 59031K [0x0000000704600000, 0x0000000800000000)
  region size 2048K, 20 young (40960K), 3 survivors (6144K)
 Metaspace       used 54768K, committed 55296K, reserved 1114112K
  class space    used 7401K, committed 7616K, reserved 1048576K
}
Event: 3.239 GC heap after
{Heap after GC invocations=17 (full 0):
 garbage-first heap   total reserved 4122624K, committed 92160K, used 24939K [0x0000000704600000, 0x0000000800000000)
  region size 2048K, 2 young (4096K), 2 survivors (4096K)
 Metaspace       used 54768K, committed 55296K, reserved 1114112K
  class space    used 7401K, committed 7616K, reserved 1048576K
}
Event: 3.552 GC heap before
{Heap before GC invocations=17 (full 0):
 garbage-first heap   total reserved 4122624K, committed 92160K, used 74091K [0x0000000704600000, 0x0000000800000000)
  region size 2048K, 27 young (55296K), 2 survivors (4096K)
 Metaspace       used 59425K, committed 60032K, reserved 1114112K
  class space    used 8067K, committed 8320K, reserved 1048576K
}
Event: 3.555 GC heap after
{Heap after GC invocations=18 (full 0):
 garbage-first heap   total reserved 4122624K, committed 92160K, used 27012K [0x0000000704600000, 0x0000000800000000)
  region size 2048K, 3 young (6144K), 3 survivors (6144K)
 Metaspace       used 59425K, committed 60032K, reserved 1114112K
  class space    used 8067K, committed 8320K, reserved 1048576K
}
Event: 3.583 GC heap before
{Heap before GC invocations=18 (full 0):
 garbage-first heap   total reserved 4122624K, committed 92160K, used 29060K [0x0000000704600000, 0x0000000800000000)
  region size 2048K, 5 young (10240K), 3 survivors (6144K)
 Metaspace       used 59691K, committed 60288K, reserved 1114112K
  class space    used 8108K, committed 8384K, reserved 1048576K
}
Event: 3.586 GC heap after
{Heap after GC invocations=19 (full 0):
 garbage-first heap   total reserved 4122624K, committed 92160K, used 27250K [0x0000000704600000, 0x0000000800000000)
  region size 2048K, 2 young (4096K), 2 survivors (4096K)
 Metaspace       used 59691K, committed 60288K, reserved 1114112K
  class space    used 8108K, committed 8384K, reserved 1048576K
}

Dll operation events (12 events):
Event: 0.006 Loaded shared library C:\Users\SUJAY KUMAR.G\.p2\pool\plugins\org.eclipse.justj.openjdk.hotspot.jre.full.win32.x86_64_23.0.2.v20250131-0604\jre\bin\java.dll
Event: 0.060 Loaded shared library C:\Users\SUJAY KUMAR.G\.p2\pool\plugins\org.eclipse.justj.openjdk.hotspot.jre.full.win32.x86_64_23.0.2.v20250131-0604\jre\bin\zip.dll
Event: 0.087 Loaded shared library C:\Users\SUJAY KUMAR.G\.p2\pool\plugins\org.eclipse.justj.openjdk.hotspot.jre.full.win32.x86_64_23.0.2.v20250131-0604\jre\bin\instrument.dll
Event: 0.091 Loaded shared library C:\Users\SUJAY KUMAR.G\.p2\pool\plugins\org.eclipse.justj.openjdk.hotspot.jre.full.win32.x86_64_23.0.2.v20250131-0604\jre\bin\net.dll
Event: 0.091 Loaded shared library C:\Users\SUJAY KUMAR.G\.p2\pool\plugins\org.eclipse.justj.openjdk.hotspot.jre.full.win32.x86_64_23.0.2.v20250131-0604\jre\bin\nio.dll
Event: 0.093 Loaded shared library C:\Users\SUJAY KUMAR.G\.p2\pool\plugins\org.eclipse.justj.openjdk.hotspot.jre.full.win32.x86_64_23.0.2.v20250131-0604\jre\bin\zip.dll
Event: 0.184 Loaded shared library C:\Users\SUJAY KUMAR.G\.p2\pool\plugins\org.eclipse.justj.openjdk.hotspot.jre.full.win32.x86_64_23.0.2.v20250131-0604\jre\bin\jimage.dll
Event: 0.210 Loaded shared library C:\Users\SUJAY KUMAR.G\.p2\pool\plugins\org.eclipse.justj.openjdk.hotspot.jre.full.win32.x86_64_23.0.2.v20250131-0604\jre\bin\verify.dll
Event: 0.428 Loaded shared library C:\Users\SUJAY KUMAR.G\.p2\pool\plugins\org.eclipse.justj.openjdk.hotspot.jre.full.win32.x86_64_23.0.2.v20250131-0604\jre\bin\management.dll
Event: 0.430 Loaded shared library C:\Users\SUJAY KUMAR.G\.p2\pool\plugins\org.eclipse.justj.openjdk.hotspot.jre.full.win32.x86_64_23.0.2.v20250131-0604\jre\bin\management_ext.dll
Event: 1.039 Loaded shared library C:\Users\SUJAY KUMAR.G\.p2\pool\plugins\org.eclipse.justj.openjdk.hotspot.jre.full.win32.x86_64_23.0.2.v20250131-0604\jre\bin\sunmscapi.dll
Event: 2.572 Loaded shared library C:\Users\SUJAY KUMAR.G\.p2\pool\plugins\org.eclipse.justj.openjdk.hotspot.jre.full.win32.x86_64_23.0.2.v20250131-0604\jre\bin\extnet.dll

Deoptimization events (20 events):
Event: 47.565 Thread 0x0000022fde971ea0 DEOPT PACKING pc=0x0000022f87d4aed0 sp=0x0000008f5ddfe2c0
Event: 47.565 Thread 0x0000022fde971ea0 DEOPT UNPACKING pc=0x0000022f87584402 sp=0x0000008f5ddfe390 mode 2
Event: 47.565 Thread 0x0000022fde971ea0 DEOPT PACKING pc=0x0000022f87d0cdc4 sp=0x0000008f5ddfe4c0
Event: 47.565 Thread 0x0000022fde971ea0 DEOPT UNPACKING pc=0x0000022f87584b22 sp=0x0000008f5ddfd958 mode 1
Event: 47.588 Thread 0x0000022fde971ea0 Uncommon trap: trap_request=0xffffff97 fr.pc=0x0000022f87d4aed0 relative=0x0000000000005290
Event: 47.588 Thread 0x0000022fde971ea0 Uncommon trap: reason=unhandled action=none pc=0x0000022f87d4aed0 method=jdk.internal.loader.BuiltinClassLoader.loadClass(Ljava/lang/String;Z)Ljava/lang/Class; @ 19 c2
Event: 47.588 Thread 0x0000022fde971ea0 DEOPT PACKING pc=0x0000022f87d4aed0 sp=0x0000008f5ddfdc90
Event: 47.588 Thread 0x0000022fde971ea0 DEOPT UNPACKING pc=0x0000022f87584402 sp=0x0000008f5ddfdd60 mode 2
Event: 47.588 Thread 0x0000022fde971ea0 DEOPT PACKING pc=0x0000022f87d0cdc4 sp=0x0000008f5ddfde90
Event: 47.588 Thread 0x0000022fde971ea0 DEOPT UNPACKING pc=0x0000022f87584b22 sp=0x0000008f5ddfd328 mode 1
Event: 47.597 Thread 0x0000022fde971ea0 Uncommon trap: trap_request=0xffffff97 fr.pc=0x0000022f87d4aed0 relative=0x0000000000005290
Event: 47.597 Thread 0x0000022fde971ea0 Uncommon trap: reason=unhandled action=none pc=0x0000022f87d4aed0 method=jdk.internal.loader.BuiltinClassLoader.loadClass(Ljava/lang/String;Z)Ljava/lang/Class; @ 19 c2
Event: 47.597 Thread 0x0000022fde971ea0 DEOPT PACKING pc=0x0000022f87d4aed0 sp=0x0000008f5ddfcd80
Event: 47.597 Thread 0x0000022fde971ea0 DEOPT UNPACKING pc=0x0000022f87584402 sp=0x0000008f5ddfce50 mode 2
Event: 47.597 Thread 0x0000022fde971ea0 DEOPT PACKING pc=0x0000022f87d0cdc4 sp=0x0000008f5ddfcf80
Event: 47.597 Thread 0x0000022fde971ea0 DEOPT UNPACKING pc=0x0000022f87584b22 sp=0x0000008f5ddfc408 mode 1
Event: 47.597 Thread 0x0000022fde971ea0 DEOPT PACKING pc=0x0000022f87c693b0 sp=0x0000008f5ddfd920
Event: 47.597 Thread 0x0000022fde971ea0 DEOPT UNPACKING pc=0x0000022f87584b22 sp=0x0000008f5ddfcd18 mode 1
Event: 47.597 Thread 0x0000022fde971ea0 DEOPT PACKING pc=0x0000022f80446bec sp=0x0000008f5ddfd960
Event: 47.597 Thread 0x0000022fde971ea0 DEOPT UNPACKING pc=0x0000022f87584b22 sp=0x0000008f5ddfcf00 mode 1

Classes loaded (20 events):
Event: 47.547 Loading class java/util/concurrent/Semaphore
Event: 47.548 Loading class java/util/concurrent/Semaphore done
Event: 47.548 Loading class java/util/concurrent/Semaphore$NonfairSync
Event: 47.548 Loading class java/util/concurrent/Semaphore$Sync
Event: 47.548 Loading class java/util/concurrent/Semaphore$Sync done
Event: 47.548 Loading class java/util/concurrent/Semaphore$NonfairSync done
Event: 47.548 Loading class sun/nio/ch/SocketAdaptor
Event: 47.549 Loading class sun/nio/ch/SocketAdaptor done
Event: 47.549 Loading class sun/nio/ch/SocketChannelImpl$DefaultOptionsHolder
Event: 47.549 Loading class sun/nio/ch/SocketChannelImpl$DefaultOptionsHolder done
Event: 47.550 Loading class sun/nio/ch/SelectionKeyImpl
Event: 47.550 Loading class java/nio/channels/spi/AbstractSelectionKey
Event: 47.550 Loading class java/nio/channels/SelectionKey
Event: 47.550 Loading class java/nio/channels/SelectionKey done
Event: 47.550 Loading class java/nio/channels/spi/AbstractSelectionKey done
Event: 47.550 Loading class sun/nio/ch/SelectionKeyImpl done
Event: 47.550 Loading class java/lang/invoke/ConstantBootstraps
Event: 47.551 Loading class java/lang/invoke/ConstantBootstraps done
Event: 51.655 Loading class java/util/ArrayList$SubList$2
Event: 51.655 Loading class java/util/ArrayList$SubList$2 done

Classes unloaded (0 events):
No events

Classes redefined (0 events):
No events

Internal exceptions (20 events):
Event: 3.410 Thread 0x0000022fd72d6070 Exception <a 'java/lang/IncompatibleClassChangeError'{0x000000070811a4e8}: Found class java.lang.Object, but interface was expected> (0x000000070811a4e8) 
thrown [s\src\hotspot\share\interpreter\linkResolver.cpp, line 863]
Event: 3.432 Thread 0x0000022fd72d6070 Exception <a 'java/lang/IncompatibleClassChangeError'{0x0000000707d14e98}: Found class java.lang.Object, but interface was expected> (0x0000000707d14e98) 
thrown [s\src\hotspot\share\interpreter\linkResolver.cpp, line 863]
Event: 3.487 Thread 0x0000022fd72d6070 Exception <a 'java/lang/IncompatibleClassChangeError'{0x00000007074bd488}: Found class java.lang.Object, but interface was expected> (0x00000007074bd488) 
thrown [s\src\hotspot\share\interpreter\linkResolver.cpp, line 863]
Event: 3.508 Thread 0x0000022fd72d6070 Exception <a 'java/lang/NoSuchMethodError'{0x00000007073b9960}: 'void java.lang.invoke.Invokers$Holder.invokeExact_MT(java.lang.Object, java.lang.Object, java.lang.Object, java.lang.Object)'> (0x00000007073b9960) 
thrown [s\src\hotspot\share\interpreter\linkResolver.cpp, line 796]
Event: 3.537 Thread 0x0000022fd72d6070 Exception <a 'java/lang/NoSuchMethodError'{0x0000000706e16b88}: 'java.lang.Object java.lang.invoke.DirectMethodHandle$Holder.newInvokeSpecial(java.lang.Object, java.lang.Object, java.lang.Object, java.lang.Object, java.lang.Object, java.lang.Object, java.lang.Object, java.lang.Object)'> (0x0000000706e16b88) 
thrown [s\src\hotspot\share\interpreter\linkResolver.cpp, line 796]
Event: 3.627 Thread 0x0000022fd72d6070 Exception <a 'java/lang/NoSuchMethodError'{0x0000000709738bd8}: 'java.lang.Object java.lang.invoke.DirectMethodHandle$Holder.invokeStatic(java.lang.Object, int, java.lang.Object, java.lang.Object)'> (0x0000000709738bd8) 
thrown [s\src\hotspot\share\interpreter\linkResolver.cpp, line 796]
Event: 3.627 Thread 0x0000022fd72d6070 Exception <a 'java/lang/NoSuchMethodError'{0x000000070973cfe8}: 'java.lang.Object java.lang.invoke.DirectMethodHandle$Holder.invokeSpecial(java.lang.Object, java.lang.Object, int, java.lang.Object, java.lang.Object)'> (0x000000070973cfe8) 
thrown [s\src\hotspot\share\interpreter\linkResolver.cpp, line 796]
Event: 3.627 Thread 0x0000022fd72d6070 Exception <a 'java/lang/NoSuchMethodError'{0x0000000709740ce0}: 'java.lang.Object java.lang.invoke.DelegatingMethodHandle$Holder.delegate(java.lang.Object, int, java.lang.Object, java.lang.Object)'> (0x0000000709740ce0) 
thrown [s\src\hotspot\share\interpreter\linkResolver.cpp, line 796]
Event: 3.629 Thread 0x0000022fd72d6070 Exception <a 'java/lang/NoSuchMethodError'{0x0000000709753208}: 'int java.lang.invoke.Invokers$Holder.linkToTargetMethod(java.lang.Object, java.lang.Object, java.lang.Object)'> (0x0000000709753208) 
thrown [s\src\hotspot\share\interpreter\linkResolver.cpp, line 796]
Event: 3.665 Thread 0x0000022fd72d6070 Exception <a 'java/lang/IncompatibleClassChangeError'{0x0000000709057b38}: Found class java.lang.Object, but interface was expected> (0x0000000709057b38) 
thrown [s\src\hotspot\share\interpreter\linkResolver.cpp, line 863]
Event: 3.708 Thread 0x0000022fd72d6070 Exception <a 'java/lang/NoSuchMethodError'{0x00000007089011f0}: 'int java.lang.invoke.DirectMethodHandle$Holder.invokeStaticInit(java.lang.Object, java.lang.Object, java.lang.Object, java.lang.Object)'> (0x00000007089011f0) 
thrown [s\src\hotspot\share\interpreter\linkResolver.cpp, line 796]
Event: 3.734 Thread 0x0000022fd72d6070 Exception <a 'java/lang/IncompatibleClassChangeError'{0x00000007087e6068}: Found class java.lang.Object, but interface was expected> (0x00000007087e6068) 
thrown [s\src\hotspot\share\interpreter\linkResolver.cpp, line 863]
Event: 3.741 Thread 0x0000022fd72d6070 Implicit null exception at 0x0000022f87c503a2 to 0x0000022f87c50418
Event: 3.800 Thread 0x0000022fd72d6070 Exception <a 'java/net/BindException'{0x0000000707e8ecb8}: Address already in use: bind> (0x0000000707e8ecb8) 
thrown [s\src\hotspot\share\prims\jni.cpp, line 539]
Event: 3.811 Thread 0x0000022fd72d6070 Exception <a 'java/lang/NoSuchMethodError'{0x0000000707f5c558}: 'java.lang.Object java.lang.invoke.DirectMethodHandle$Holder.newInvokeSpecial(java.lang.Object, java.lang.Object, int, java.lang.Object, java.lang.Object)'> (0x0000000707f5c558) 
thrown [s\src\hotspot\share\interpreter\linkResolver.cpp, line 796]
Event: 47.546 Thread 0x0000022fde974c90 Exception <a 'java/lang/NoSuchMethodError'{0x00000007077a2740}: 'java.lang.Object java.lang.invoke.DirectMethodHandle$Holder.invokeStatic(java.lang.Object, java.lang.Object, java.lang.Object, int, int)'> (0x00000007077a2740) 
thrown [s\src\hotspot\share\interpreter\linkResolver.cpp, line 796]
Event: 47.546 Thread 0x0000022fde974c90 Exception <a 'java/lang/NoSuchMethodError'{0x00000007077a5ef8}: 'java.lang.Object java.lang.invoke.DirectMethodHandle$Holder.invokeStaticInit(java.lang.Object, java.lang.Object, java.lang.Object, int, int)'> (0x00000007077a5ef8) 
thrown [s\src\hotspot\share\interpreter\linkResolver.cpp, line 796]
Event: 47.570 Thread 0x0000022fde970460 Exception <a 'java/lang/NoSuchMethodError'{0x00000007072ec9d8}: 'java.lang.Object java.lang.invoke.DirectMethodHandle$Holder.invokeSpecial(java.lang.Object, java.lang.Object, java.lang.Object, java.lang.Object, java.lang.Object, long)'> (0x00000007072ec9d8) 
thrown [s\src\hotspot\share\interpreter\linkResolver.cpp, line 796]
Event: 47.570 Thread 0x0000022fde970460 Exception <a 'java/lang/NoSuchMethodError'{0x00000007072f01b0}: 'java.lang.Object java.lang.invoke.Invokers$Holder.linkToTargetMethod(java.lang.Object, java.lang.Object, java.lang.Object, long, java.lang.Object)'> (0x00000007072f01b0) 
thrown [s\src\hotspot\share\interpreter\linkResolver.cpp, line 796]
Event: 51.655 Thread 0x0000022fde971ea0 Exception <a 'java/lang/NoSuchMethodError'{0x0000000706c07280}: 'java.lang.Object java.lang.invoke.DirectMethodHandle$Holder.invokeStatic(java.lang.Object, int, int)'> (0x0000000706c07280) 
thrown [s\src\hotspot\share\interpreter\linkResolver.cpp, line 796]

VM Operations (20 events):
Event: 3.583 Executing VM operation: CollectForMetadataAllocation (Metadata GC Threshold)
Event: 3.586 Executing VM operation: CollectForMetadataAllocation (Metadata GC Threshold) done
Event: 3.592 Executing VM operation: HandshakeAllThreads (Deoptimize)
Event: 3.592 Executing VM operation: HandshakeAllThreads (Deoptimize) done
Event: 3.595 Executing VM operation: G1PauseRemark
Event: 3.597 Executing VM operation: G1PauseRemark done
Event: 3.601 Executing VM operation: G1PauseCleanup
Event: 3.601 Executing VM operation: G1PauseCleanup done
Event: 3.613 Executing VM operation: HandshakeAllThreads (Deoptimize)
Event: 3.613 Executing VM operation: HandshakeAllThreads (Deoptimize) done
Event: 3.613 Executing VM operation: HandshakeAllThreads (Deoptimize)
Event: 3.613 Executing VM operation: HandshakeAllThreads (Deoptimize) done
Event: 3.669 Executing VM operation: HandshakeAllThreads (Deoptimize)
Event: 3.669 Executing VM operation: HandshakeAllThreads (Deoptimize) done
Event: 3.696 Executing VM operation: HandshakeAllThreads (Deoptimize)
Event: 3.696 Executing VM operation: HandshakeAllThreads (Deoptimize) done
Event: 3.810 Executing VM operation: HandshakeAllThreads (Deoptimize)
Event: 3.810 Executing VM operation: HandshakeAllThreads (Deoptimize) done
Event: 47.581 Executing VM operation: HandshakeAllThreads (Deoptimize)
Event: 47.581 Executing VM operation: HandshakeAllThreads (Deoptimize) done

Memory protections (0 events):
No events

Nmethod flushes (20 events):
Event: 3.596 Thread 0x0000022ffe764c60 flushing  nmethod 0x0000022f8034c388
Event: 3.596 Thread 0x0000022ffe764c60 flushing  nmethod 0x0000022f8034c788
Event: 3.596 Thread 0x0000022ffe764c60 flushing  nmethod 0x0000022f80404088
Event: 3.596 Thread 0x0000022ffe764c60 flushing  nmethod 0x0000022f80404e88
Event: 3.596 Thread 0x0000022ffe764c60 flushing  nmethod 0x0000022f80405188
Event: 3.596 Thread 0x0000022ffe764c60 flushing  nmethod 0x0000022f80405488
Event: 3.596 Thread 0x0000022ffe764c60 flushing  nmethod 0x0000022f80405908
Event: 3.596 Thread 0x0000022ffe764c60 flushing  nmethod 0x0000022f80407208
Event: 3.596 Thread 0x0000022ffe764c60 flushing  nmethod 0x0000022f8041c388
Event: 3.596 Thread 0x0000022ffe764c60 flushing  nmethod 0x0000022f8041c688
Event: 3.596 Thread 0x0000022ffe764c60 flushing  nmethod 0x0000022f8041d008
Event: 3.596 Thread 0x0000022ffe764c60 flushing  nmethod 0x0000022f8041da88
Event: 3.596 Thread 0x0000022ffe764c60 flushing  nmethod 0x0000022f8041e188
Event: 3.596 Thread 0x0000022ffe764c60 flushing  nmethod 0x0000022f8046a908
Event: 3.596 Thread 0x0000022ffe764c60 flushing  nmethod 0x0000022f80505108
Event: 3.596 Thread 0x0000022ffe764c60 flushing  nmethod 0x0000022f805b8d88
Event: 3.596 Thread 0x0000022ffe764c60 flushing  nmethod 0x0000022f80638288
Event: 3.596 Thread 0x0000022ffe764c60 flushing  nmethod 0x0000022f8065fd88
Event: 3.596 Thread 0x0000022ffe764c60 flushing  nmethod 0x0000022f806c8a08
Event: 3.596 Thread 0x0000022ffe764c60 flushing  nmethod 0x0000022f8076d408

Events (20 events):
Event: 2.651 Thread 0x0000022fd72d6070 Thread added: 0x0000022fdabb28f0
Event: 2.769 Thread 0x0000022fdabb28f0 Thread added: 0x0000022fdabafb00
Event: 3.795 Thread 0x0000022fd72d6070 Thread added: 0x0000022fde970af0
Event: 3.817 Thread 0x0000022fd72d6070 Thread added: 0x0000022fde972bc0
Event: 3.817 Thread 0x0000022fd72d6070 Thread added: 0x0000022fde971180
Event: 3.817 Thread 0x0000022fd72d6070 Thread added: 0x0000022fde970460
Event: 3.817 Thread 0x0000022fd72d6070 Thread added: 0x0000022fde971ea0
Event: 3.817 Thread 0x0000022fd72d6070 Thread added: 0x0000022fde96f740
Event: 3.817 Thread 0x0000022fd72d6070 Thread added: 0x0000022fde971810
Event: 3.817 Thread 0x0000022fd72d6070 Thread added: 0x0000022fde973250
Event: 3.817 Thread 0x0000022fd72d6070 Thread added: 0x0000022fde96fdd0
Event: 3.817 Thread 0x0000022fd72d6070 Thread added: 0x0000022fde9738e0
Event: 3.817 Thread 0x0000022fd72d6070 Thread added: 0x0000022fde974600
Event: 3.835 Thread 0x0000022fd72d6070 Thread added: 0x0000022fde975320
Event: 3.837 Thread 0x0000022fd72d6070 Thread added: 0x0000022fde974c90
Event: 3.850 Thread 0x0000022fd72d6070 Thread exited: 0x0000022fd72d6070
Event: 3.851 Thread 0x0000022fd72de270 Thread exited: 0x0000022fd72de270
Event: 5.422 Thread 0x0000022fd6390af0 Thread exited: 0x0000022fd6390af0
Event: 6.850 Thread 0x0000022fd631d500 Thread exited: 0x0000022fd631d500
Event: 8.185 Thread 0x0000022fdabafb00 Thread exited: 0x0000022fdabafb00


Dynamic libraries:
0x00007ff77e190000 - 0x00007ff77e19e000 	C:\Users\SUJAY KUMAR.G\.p2\pool\plugins\org.eclipse.justj.openjdk.hotspot.jre.full.win32.x86_64_23.0.2.v20250131-0604\jre\bin\javaw.exe
0x00007ffc21040000 - 0x00007ffc212a9000 	C:\WINDOWS\SYSTEM32\ntdll.dll
0x00007ffc1efd0000 - 0x00007ffc1f099000 	C:\WINDOWS\System32\KERNEL32.DLL
0x00007ffc1d580000 - 0x00007ffc1d973000 	C:\WINDOWS\System32\KERNELBASE.dll
0x00007ffc1d370000 - 0x00007ffc1d4bb000 	C:\WINDOWS\System32\ucrtbase.dll
0x00007ffbf46b0000 - 0x00007ffbf46c7000 	C:\Users\SUJAY KUMAR.G\.p2\pool\plugins\org.eclipse.justj.openjdk.hotspot.jre.full.win32.x86_64_23.0.2.v20250131-0604\jre\bin\jli.dll
0x00007ffc0e8e0000 - 0x00007ffc0e8fe000 	C:\Users\SUJAY KUMAR.G\.p2\pool\plugins\org.eclipse.justj.openjdk.hotspot.jre.full.win32.x86_64_23.0.2.v20250131-0604\jre\bin\VCRUNTIME140.dll
0x00007ffc1eae0000 - 0x00007ffc1eca4000 	C:\WINDOWS\System32\USER32.dll
0x00007ffc1eab0000 - 0x00007ffc1ead7000 	C:\WINDOWS\System32\win32u.dll
0x00007ffbf0030000 - 0x00007ffbf02c3000 	C:\WINDOWS\WinSxS\amd64_microsoft.windows.common-controls_6595b64144ccf1df_6.0.26100.5074_none_3e0d6f78e32fd63f\COMCTL32.dll
0x00007ffc1fd50000 - 0x00007ffc1fd7b000 	C:\WINDOWS\System32\GDI32.dll
0x00007ffc20f00000 - 0x00007ffc20fa9000 	C:\WINDOWS\System32\msvcrt.dll
0x00007ffc1e800000 - 0x00007ffc1e92d000 	C:\WINDOWS\System32\gdi32full.dll
0x00007ffc1dcf0000 - 0x00007ffc1dd93000 	C:\WINDOWS\System32\msvcp_win.dll
0x00007ffc20a20000 - 0x00007ffc20a4f000 	C:\WINDOWS\System32\IMM32.DLL
0x00007ffc10850000 - 0x00007ffc1085c000 	C:\Users\SUJAY KUMAR.G\.p2\pool\plugins\org.eclipse.justj.openjdk.hotspot.jre.full.win32.x86_64_23.0.2.v20250131-0604\jre\bin\vcruntime140_1.dll
0x00007ffbf6c20000 - 0x00007ffbf6cad000 	C:\Users\SUJAY KUMAR.G\.p2\pool\plugins\org.eclipse.justj.openjdk.hotspot.jre.full.win32.x86_64_23.0.2.v20250131-0604\jre\bin\msvcp140.dll
0x00007ffbb3cd0000 - 0x00007ffbb4a9e000 	C:\Users\SUJAY KUMAR.G\.p2\pool\plugins\org.eclipse.justj.openjdk.hotspot.jre.full.win32.x86_64_23.0.2.v20250131-0604\jre\bin\server\jvm.dll
0x00007ffc20760000 - 0x00007ffc20814000 	C:\WINDOWS\System32\ADVAPI32.dll
0x00007ffc1ecf0000 - 0x00007ffc1ed96000 	C:\WINDOWS\System32\sechost.dll
0x00007ffc20450000 - 0x00007ffc20568000 	C:\WINDOWS\System32\RPCRT4.dll
0x00007ffc1f440000 - 0x00007ffc1f4b4000 	C:\WINDOWS\System32\WS2_32.dll
0x00007ffc1ecb0000 - 0x00007ffc1ecbb000 	C:\WINDOWS\System32\VERSION.dll
0x00007ffc1d1b0000 - 0x00007ffc1d20e000 	C:\WINDOWS\SYSTEM32\POWRPROF.dll
0x00007ffc14e10000 - 0x00007ffc14e45000 	C:\WINDOWS\SYSTEM32\WINMM.dll
0x00007ffc1d190000 - 0x00007ffc1d1a4000 	C:\WINDOWS\SYSTEM32\UMPDC.dll
0x00007ffc1c110000 - 0x00007ffc1c12b000 	C:\WINDOWS\SYSTEM32\kernel.appcore.dll
0x00007ffc06080000 - 0x00007ffc0608a000 	C:\Users\SUJAY KUMAR.G\.p2\pool\plugins\org.eclipse.justj.openjdk.hotspot.jre.full.win32.x86_64_23.0.2.v20250131-0604\jre\bin\jimage.dll
0x00007ffc1b2c0000 - 0x00007ffc1b502000 	C:\WINDOWS\SYSTEM32\DBGHELP.DLL
0x00007ffc1f0a0000 - 0x00007ffc1f41b000 	C:\WINDOWS\System32\combase.dll
0x00007ffc20890000 - 0x00007ffc20967000 	C:\WINDOWS\System32\OLEAUT32.dll
0x00007ffc07fc0000 - 0x00007ffc07ffd000 	C:\WINDOWS\SYSTEM32\dbgcore.DLL
0x00007ffc1d980000 - 0x00007ffc1da19000 	C:\WINDOWS\System32\bcryptPrimitives.dll
0x00007ffbf6be0000 - 0x00007ffbf6c1c000 	C:\Users\SUJAY KUMAR.G\.p2\pool\plugins\org.eclipse.justj.openjdk.hotspot.jre.full.win32.x86_64_23.0.2.v20250131-0604\jre\bin\jdwp.dll
0x00007ffc06070000 - 0x00007ffc0607f000 	C:\Users\SUJAY KUMAR.G\.p2\pool\plugins\org.eclipse.justj.openjdk.hotspot.jre.full.win32.x86_64_23.0.2.v20250131-0604\jre\bin\instrument.dll
0x00007ffbf4950000 - 0x00007ffbf496e000 	C:\Users\SUJAY KUMAR.G\.p2\pool\plugins\org.eclipse.justj.openjdk.hotspot.jre.full.win32.x86_64_23.0.2.v20250131-0604\jre\bin\java.dll
0x00007ffc200c0000 - 0x00007ffc20258000 	C:\WINDOWS\System32\ole32.dll
0x00007ffc1f4c0000 - 0x00007ffc1fc0d000 	C:\WINDOWS\System32\SHELL32.dll
0x00007ffc1e690000 - 0x00007ffc1e7fc000 	C:\WINDOWS\System32\wintypes.dll
0x00007ffc1de30000 - 0x00007ffc1e689000 	C:\WINDOWS\System32\windows.storage.dll
0x00007ffc20660000 - 0x00007ffc20750000 	C:\WINDOWS\System32\SHCORE.dll
0x00007ffc1eda0000 - 0x00007ffc1ee02000 	C:\WINDOWS\System32\shlwapi.dll
0x00007ffc1d250000 - 0x00007ffc1d279000 	C:\WINDOWS\SYSTEM32\profapi.dll
0x00007ffbf35d0000 - 0x00007ffbf35e7000 	C:\Users\SUJAY KUMAR.G\.p2\pool\plugins\org.eclipse.justj.openjdk.hotspot.jre.full.win32.x86_64_23.0.2.v20250131-0604\jre\bin\zip.dll
0x00007ffbf6bd0000 - 0x00007ffbf6bdc000 	C:\Users\SUJAY KUMAR.G\.p2\pool\plugins\org.eclipse.justj.openjdk.hotspot.jre.full.win32.x86_64_23.0.2.v20250131-0604\jre\bin\dt_socket.dll
0x00007ffc1bb80000 - 0x00007ffc1bbb4000 	C:\WINDOWS\SYSTEM32\IPHLPAPI.DLL
0x00007ffc1c690000 - 0x00007ffc1c6fb000 	C:\WINDOWS\system32\mswsock.dll
0x00007ffc1bc20000 - 0x00007ffc1bd46000 	C:\WINDOWS\SYSTEM32\DNSAPI.dll
0x00007ffc20a60000 - 0x00007ffc20a6a000 	C:\WINDOWS\System32\NSI.dll
0x00007ffc14c90000 - 0x00007ffc14c9b000 	C:\Windows\System32\rasadhlp.dll
0x00007ffc14d80000 - 0x00007ffc14e06000 	C:\WINDOWS\System32\fwpuclnt.dll
0x00007ffbf6580000 - 0x00007ffbf6590000 	C:\Users\SUJAY KUMAR.G\.p2\pool\plugins\org.eclipse.justj.openjdk.hotspot.jre.full.win32.x86_64_23.0.2.v20250131-0604\jre\bin\net.dll
0x00007ffbf3590000 - 0x00007ffbf35a6000 	C:\Users\SUJAY KUMAR.G\.p2\pool\plugins\org.eclipse.justj.openjdk.hotspot.jre.full.win32.x86_64_23.0.2.v20250131-0604\jre\bin\nio.dll
0x00007ffc19080000 - 0x00007ffc19090000 	C:\Users\SUJAY KUMAR.G\.p2\pool\plugins\org.eclipse.justj.openjdk.hotspot.jre.full.win32.x86_64_23.0.2.v20250131-0604\jre\bin\verify.dll
0x00007ffc0e490000 - 0x00007ffc0e49a000 	C:\Users\SUJAY KUMAR.G\.p2\pool\plugins\org.eclipse.justj.openjdk.hotspot.jre.full.win32.x86_64_23.0.2.v20250131-0604\jre\bin\management.dll
0x00007ffc0e480000 - 0x00007ffc0e48b000 	C:\Users\SUJAY KUMAR.G\.p2\pool\plugins\org.eclipse.justj.openjdk.hotspot.jre.full.win32.x86_64_23.0.2.v20250131-0604\jre\bin\management_ext.dll
0x00007ffc1fd40000 - 0x00007ffc1fd48000 	C:\WINDOWS\System32\PSAPI.DLL
0x00007ffbf6390000 - 0x00007ffbf639e000 	C:\Users\SUJAY KUMAR.G\.p2\pool\plugins\org.eclipse.justj.openjdk.hotspot.jre.full.win32.x86_64_23.0.2.v20250131-0604\jre\bin\sunmscapi.dll
0x00007ffc1e930000 - 0x00007ffc1eaa7000 	C:\WINDOWS\System32\CRYPT32.dll
0x00007ffc1cb50000 - 0x00007ffc1cb80000 	C:\WINDOWS\SYSTEM32\ncrypt.dll
0x00007ffc1cb00000 - 0x00007ffc1cb3f000 	C:\WINDOWS\SYSTEM32\NTASN1.dll
0x00007ffc1c930000 - 0x00007ffc1c94b000 	C:\WINDOWS\SYSTEM32\CRYPTSP.dll
0x00007ffc1c070000 - 0x00007ffc1c0ab000 	C:\WINDOWS\system32\rsaenh.dll
0x00007ffc1c730000 - 0x00007ffc1c75b000 	C:\WINDOWS\SYSTEM32\USERENV.dll
0x00007ffc1d220000 - 0x00007ffc1d246000 	C:\WINDOWS\SYSTEM32\bcrypt.dll
0x00007ffc1c950000 - 0x00007ffc1c95c000 	C:\WINDOWS\SYSTEM32\CRYPTBASE.dll
0x00007ffbf6350000 - 0x00007ffbf6359000 	C:\Users\SUJAY KUMAR.G\.p2\pool\plugins\org.eclipse.justj.openjdk.hotspot.jre.full.win32.x86_64_23.0.2.v20250131-0604\jre\bin\extnet.dll
0x00007ffc10a80000 - 0x00007ffc10a88000 	C:\WINDOWS\system32\wshunix.dll

dbghelp: loaded successfully - version: 4.0.5 - missing functions: none
symbol engine: initialized successfully - sym options: 0x614 - pdb path: .;C:\Users\SUJAY KUMAR.G\.p2\pool\plugins\org.eclipse.justj.openjdk.hotspot.jre.full.win32.x86_64_23.0.2.v20250131-0604\jre\bin;C:\WINDOWS\SYSTEM32;C:\WINDOWS\WinSxS\amd64_microsoft.windows.common-controls_6595b64144ccf1df_6.0.26100.5074_none_3e0d6f78e32fd63f;C:\Users\SUJAY KUMAR.G\.p2\pool\plugins\org.eclipse.justj.openjdk.hotspot.jre.full.win32.x86_64_23.0.2.v20250131-0604\jre\bin\server

VM Arguments:
jvm_args: -XX:+ShowCodeDetailsInExceptionMessages -agentlib:jdwp=transport=dt_socket,suspend=y,address=localhost:52349 -javaagent:C:\Users\SUJAY KUMAR.G\eclipse\java-2024-06\eclipse\configuration\org.eclipse.osgi\904\0\.cp\lib\javaagent-shaded.jar -Dfile.encoding=UTF-8 -Dstdout.encoding=UTF-8 -Dstderr.encoding=UTF-8 
java_command: com.example.SpringBootCRUDOperation.SpringBootCrudOperationApplication
java_class_path (initial): C:\Users\SUJAY KUMAR.G\Downloads\SpringBootCRUDOperation\SpringBootCRUDOperation\target\classes;C:\Users\SUJAY KUMAR.G\.m2\repository\org\springframework\boot\spring-boot-starter-data-jpa\3.5.6\spring-boot-starter-data-jpa-3.5.6.jar;C:\Users\SUJAY KUMAR.G\.m2\repository\org\springframework\boot\spring-boot-starter\3.5.6\spring-boot-starter-3.5.6.jar;C:\Users\SUJAY KUMAR.G\.m2\repository\org\springframework\boot\spring-boot-starter-logging\3.5.6\spring-boot-starter-logging-3.5.6.jar;C:\Users\SUJAY KUMAR.G\.m2\repository\ch\qos\logback\logback-classic\1.5.18\logback-classic-1.5.18.jar;C:\Users\SUJAY KUMAR.G\.m2\repository\ch\qos\logback\logback-core\1.5.18\logback-core-1.5.18.jar;C:\Users\SUJAY KUMAR.G\.m2\repository\org\apache\logging\log4j\log4j-to-slf4j\2.24.3\log4j-to-slf4j-2.24.3.jar;C:\Users\SUJAY KUMAR.G\.m2\repository\org\apache\logging\log4j\log4j-api\2.24.3\log4j-api-2.24.3.jar;C:\Users\SUJAY KUMAR.G\.m2\repository\org\slf4j\jul-to-slf4j\2.0.17\jul-to-slf4j-2.0.17.jar;C:\Users\SUJAY KUMAR.G\.m2\repository\jakarta\annotation\jakarta.annotation-api\2.1.1\jakarta.annotation-api-2.1.1.jar;C:\Users\SUJAY KUMAR.G\.m2\repository\org\yaml\snakeyaml\2.4\snakeyaml-2.4.jar;C:\Users\SUJAY KUMAR.G\.m2\repository\org\springframework\boot\spring-boot-starter-jdbc\3.5.6\spring-boot-starter-jdbc-3.5.6.jar;C:\Users\SUJAY KUMAR.G\.m2\repository\com\zaxxer\HikariCP\6.3.3\HikariCP-6.3.3.jar;C:\Users\SUJAY KUMAR.G\.m2\repository\org\springframework\spring-jdbc\6.2.11\spring-jdbc-6.2.11.jar;C:\Users\SUJAY KUMAR.G\.m2\repository\org\hibernate\orm\hibernate-core\6.6.29.Final\hibernate-core-6.6.29.Final.jar;C:\Users\SUJAY KUMAR.G\.m2\repository\jakarta\persistence\jakarta.persistence-api\3.1.0\jakarta.persistence-api-3.1.0.jar;C:\Users\SUJAY KUMAR.G\.m2\repository\jakarta\transaction\jakarta.transaction-api\2.0.1\jakarta.transaction-api-2.0.1.jar;C:\Users\SUJAY KUMAR.G\.m2\repository\org\jboss\logging\jboss-logging\3.6.1.Final\jboss-logging-3.6.1.Final.jar;C:\Users\SUJAY KUMAR.G\.m2\repository\org\hibernate\common\hibernate-commons-annotations\7.0.3.Final\hibernate-commons-annotations-7.0.3.Final.jar;C:\Users\SUJAY KUMAR.G\.m2\repository\io\smallrye\jandex\3.2.0\jandex-3.2.0.jar;C:\Users\SUJAY KUMAR.G\.m2\repository\com\fasterxml\classmate\1.7.0\classmate-1.7.0.jar;C:\Users\SUJAY KUMAR.G\.m2\repository\net\bytebuddy\byte-buddy\1.17.7\byte-buddy-1.17.7.jar;C:\Users\SUJAY KUMAR.G\.m2\repository\org\glassfish\jaxb\jaxb-runtime\4.0.5\jaxb-runtime-4.0.5.jar;C:\Users\SUJAY KUMAR.G\.m2\repository\org\glassfish\jaxb\jaxb-core\4.0.5\jaxb-core-4.0.5.jar;C:\Users\SUJAY KUMAR.G\.m2\repository\org\eclipse\angus\angus-activation\2.0.2\angus-activation-2.0.2.jar;C:\Users\SUJAY KUMAR.G\.m2\repository\org\glassfish\jaxb\txw2\4.0.5\txw2-4.0.5.jar;C:\Users\SUJAY KUMAR.G\.m2\repository\com\sun\istack\istack-commons-runtime\4.1.2\istack-commons-runtime-4.1.2.jar;C:\Users\SUJAY KUMAR.G\.m2\repository\jakarta\inject\jakarta.inject-api\2.0.1\jakarta.inject-api-2.0.1.jar;C:\Users\SUJAY KUMAR.G\.m2\repository\org\antlr\antlr4-runtime\4.13.0\antlr4-runtime-4.13.0.jar;C:\Users\SUJAY KUMAR.G\.m2\repository\org\springframework\data\spring-data-jpa\3.5.4\spring-data-jpa-3.5.4.jar;C:\Users\SUJAY KUMAR.G\.m2\repository\org\springframework\data\spring-data-commons\3.5.4\spring-data-commons-3.5.4.jar;C:\Users\SUJAY KUMAR.G\.m2\repository\org\springframework\spring-orm\6.2.11\spring-orm-6.2.11.jar;C:\Users\SUJAY KUMAR.G\.m2\repository\org\springframework\spring-context\6.2.11\spring-context-6.2.11.jar;C:\Users\SUJAY KUMAR.G\.m2\repository\org\springframework\spring-aop\6.2.11\spring-aop-6.2.11.jar;C:\Users\SUJAY KUMAR.G\.m2\repository\org\springframework\spring-tx\6.2.11\spring-tx-6.2.11.jar;C:\Users\SUJAY KUMAR.G\.m2\repository\org\springframework\spring-beans\6.2.11\spring-beans-6.2.11.jar;C:\Users\SUJAY KUMAR.G\.m2\repository\org\slf4j\slf4j-api\2.0.17\slf4j-api-2.0.17.jar;C:\Users\SUJAY KUMAR.G\.m2\repository\org\springframework\spring-aspects\6.2.11\spring-aspects-6.2.11.jar;C:\Users\SUJAY KUMAR.G\.m2\repository\org\aspectj\aspectjweaver\1.9.24\aspectjweaver-1.9.24.jar;C:\Users\SUJAY KUMAR.G\.m2\repository\org\springframework\boot\spring-boot-starter-web\3.5.6\spring-boot-starter-web-3.5.6.jar;C:\Users\SUJAY KUMAR.G\.m2\repository\org\springframework\boot\spring-boot-starter-json\3.5.6\spring-boot-starter-json-3.5.6.jar;C:\Users\SUJAY KUMAR.G\.m2\repository\com\fasterxml\jackson\core\jackson-databind\2.19.2\jackson-databind-2.19.2.jar;C:\Users\SUJAY KUMAR.G\.m2\repository\com\fasterxml\jackson\core\jackson-annotations\2.19.2\jackson-annotations-2.19.2.jar;C:\Users\SUJAY KUMAR.G\.m2\repository\com\fasterxml\jackson\core\jackson-core\2.19.2\jackson-core-2.19.2.jar;C:\Users\SUJAY KUMAR.G\.m2\repository\com\fasterxml\jackson\datatype\jackson-datatype-jdk8\2.19.2\jackson-datatype-jdk8-2.19.2.jar;C:\Users\SUJAY KUMAR.G\.m2\repository\com\fasterxml\jackson\datatype\jackson-datatype-jsr310\2.19.2\jackson-datatype-jsr310-2.19.2.jar;C:\Users\SUJAY KUMAR.G\.m2\repository\com\fasterxml\jackson\module\jackson-module-parameter-names\2.19.2\jackson-module-parameter-names-2.19.2.jar;C:\Users\SUJAY KUMAR.G\.m2\repository\org\springframework\boot\spring-boot-starter-tomcat\3.5.6\spring-boot-starter-tomcat-3.5.6.jar;C:\Users\SUJAY KUMAR.G\.m2\repository\org\apache\tomcat\embed\tomcat-embed-core\10.1.46\tomcat-embed-core-10.1.46.jar;C:\Users\SUJAY KUMAR.G\.m2\repository\org\apache\tomcat\embed\tomcat-embed-el\10.1.46\tomcat-embed-el-10.1.46.jar;C:\Users\SUJAY KUMAR.G\.m2\repository\org\apache\tomcat\embed\tomcat-embed-websocket\10.1.46\tomcat-embed-websocket-10.1.46.jar;C:\Users\SUJAY KUMAR.G\.m2\repository\org\springframework\spring-web\6.2.11\spring-web-6.2.11.jar;C:\Users\SUJAY KUMAR.G\.m2\repository\io\micrometer\micrometer-observation\1.15.4\micrometer-observation-1.15.4.jar;C:\Users\SUJAY KUMAR.G\.m2\repository\io\micrometer\micrometer-commons\1.15.4\micrometer-commons-1.15.4.jar;C:\Users\SUJAY KUMAR.G\.m2\repository\org\springframework\spring-webmvc\6.2.11\spring-webmvc-6.2.11.jar;C:\Users\SUJAY KUMAR.G\.m2\repository\org\springframework\spring-expression\6.2.11\spring-expression-6.2.11.jar;C:\Users\SUJAY KUMAR.G\.m2\repository\org\springframework\boot\spring-boot-devtools\3.5.6\spring-boot-devtools-3.5.6.jar;C:\Users\SUJAY KUMAR.G\.m2\repository\org\springframework\boot\spring-boot\3.5.6\spring-boot-3.5.6.jar;C:\Users\SUJAY KUMAR.G\.m2\repository\org\springframework\boot\spring-boot-autoconfigure\3.5.6\spring-boot-autoconfigure-3.5.6.jar;C:\Users\SUJAY KUMAR.G\.m2\repository\com\mysql\mysql-connector-j\9.4.0\mysql-connector-j-9.4.0.jar;C:\Users\SUJAY KUMAR.G\.m2\repository\jakarta\xml\bind\jakarta.xml.bind-api\4.0.2\jakarta.xml.bind-api-4.0.2.jar;C:\Users\SUJAY KUMAR.G\.m2\repository\jakarta\activation\jakarta.activation-api\2.1.4\jakarta.activation-api-2.1.4.jar;C:\Users\SUJAY KUMAR.G\.m2\repository\org\springframework\spring-core\6.2.11\spring-core-6.2.11.jar;C:\Users\SUJAY KUMAR.G\.m2\repository\org\springframework\spring-jcl\6.2.11\spring-jcl-6.2.11.jar
Launcher Type: SUN_STANDARD

[Global flags]
     intx CICompilerCount                          = 4                                         {product} {ergonomic}
     uint ConcGCThreads                            = 3                                         {product} {ergonomic}
     uint G1ConcRefinementThreads                  = 10                                        {product} {ergonomic}
   size_t G1HeapRegionSize                         = 2097152                                   {product} {ergonomic}
   size_t InitialHeapSize                          = 264241152                                 {product} {ergonomic}
   size_t MarkStackSize                            = 4194304                                   {product} {ergonomic}
   size_t MarkStackSizeMax                         = 536870912                                 {product} {ergonomic}
   size_t MaxHeapSize                              = 4221566976                                {product} {ergonomic}
   size_t MaxNewSize                               = 2531262464                                {product} {ergonomic}
   size_t MinHeapDeltaBytes                        = 2097152                                   {product} {ergonomic}
   size_t MinHeapSize                              = 8388608                                   {product} {ergonomic}
    uintx NonNMethodCodeHeapSize                   = 5832704                                {pd product} {ergonomic}
    uintx NonProfiledCodeHeapSize                  = 122945536                              {pd product} {ergonomic}
    uintx ProfiledCodeHeapSize                     = 122880000                              {pd product} {ergonomic}
    uintx ReservedCodeCacheSize                    = 251658240                              {pd product} {ergonomic}
     bool SegmentedCodeCache                       = true                                      {product} {ergonomic}
     bool ShowCodeDetailsInExceptionMessages       = true                                   {manageable} {command line}
   size_t SoftMaxHeapSize                          = 4221566976                             {manageable} {ergonomic}
     bool UseCompressedOops                        = true                           {product lp64_product} {ergonomic}
     bool UseG1GC                                  = true                                      {product} {ergonomic}
     bool UseLargePagesIndividualAllocation        = false                                  {pd product} {ergonomic}

Logging:
Log output configuration:
 #0: stdout all=warning uptime,level,tags foldmultilines=false
 #1: stderr all=off uptime,level,tags foldmultilines=false

Environment Variables:
PATH=C:\Users\SUJAY KUMAR.G\.p2\pool\plugins\org.eclipse.justj.openjdk.hotspot.jre.full.win32.x86_64_23.0.2.v20250131-0604\jre\bin;C:/Users/SUJAY KUMAR.G/.p2/pool/plugins/org.eclipse.justj.openjdk.hotspot.jre.full.win32.x86_64_23.0.2.v20250131-0604/jre/bin/server;C:/Users/SUJAY KUMAR.G/.p2/pool/plugins/org.eclipse.justj.openjdk.hotspot.jre.full.win32.x86_64_23.0.2.v20250131-0604/jre/bin;C:\WINDOWS\system32;C:\WINDOWS;C:\WINDOWS\system32\Wbem;C:\Program Files\Common Files\Oracle\Java\javapath;C:\WINDOWS\System32\WindowsPowerShell\v1.0\;C:\WINDOWS\System32\OpenSSH\;C:\Program Files\nodejs\;C:\Program Files\MySQL\MySQL Shell 8.0\bin\;C:\Users\SUJAY KUMAR.G\AppData\Local\Microsoft\WindowsApps;C:\Users\SUJAY KUMAR.G\AppData\Local\Programs\Microsoft VS Code\bin;C:\Users\SUJAY KUMAR.G\AppData\Roaming\npm;C:\Users\SUJAY KUMAR.G\AppData\Local\Programs\Git\cmd;C:\Users\SUJAY KUMAR.G\AppData\Local\GitHubDesktop\bin;;C:\WINDOWS\system32;
USERNAME=SUJAY KUMAR.G
OS=Windows_NT
PROCESSOR_IDENTIFIER=Intel64 Family 6 Model 151 Stepping 5, GenuineIntel
TMP=C:\Users\SUJAYK~1.G\AppData\Local\Temp
TEMP=C:\Users\SUJAYK~1.G\AppData\Local\Temp




Periodic native trim disabled

---------------  S Y S T E M  ---------------

OS:
 Windows 11 , 64 bit Build 26100 (10.0.26100.5074)
OS uptime: 2 days 2:30 hours

CPU: total 12 (initial active 12) (6 cores per cpu, 2 threads per core) family 6 model 151 stepping 5 microcode 0x1e, cx8, cmov, fxsr, ht, mmx, 3dnowpref, sse, sse2, sse3, ssse3, sse4.1, sse4.2, popcnt, lzcnt, tsc, tscinvbit, avx, avx2, aes, erms, clmul, bmi1, bmi2, adx, sha, fma, vzeroupper, clflush, clflushopt, clwb, serialize, rdtscp, rdpid, fsrm, gfni, f16c, pku, cet_ibt, cet_ss
Processor Information for the first 12 processors :
  Max Mhz: 2500, Current Mhz: 2500, Mhz Limit: 2500

Memory: 4k page, system-wide physical 16099M (1306M free)
TotalPageFile size 52147M (AvailPageFile size 0M)
current process WorkingSet (physical memory assigned to process): 281M, peak: 372M
current process commit charge ("private bytes"): 313M, peak: 466M

vm_info: OpenJDK 64-Bit Server VM (23.0.2+7) for windows-amd64 JRE (23.0.2+7), built on 2025-01-21T00:00:00Z with MS VC++ 17.7 (VS2022)

END.
